{
  "stats": {
    "suites": 1,
    "tests": 3,
    "passes": 3,
    "pending": 0,
    "failures": 0,
    "start": "2024-11-30T05:17:43.164Z",
    "end": "2024-11-30T05:18:49.200Z",
    "duration": 66036,
    "testsRegistered": 3,
    "passPercent": 100,
    "pendingPercent": 0,
    "other": 0,
    "hasOther": false,
    "skipped": 0,
    "hasSkipped": false
  },
  "results": [
    {
      "uuid": "ca08c575-6520-48ad-aaa3-8b4354a95614",
      "title": "",
      "fullFile": "cypress\\e2e\\Features\\SigupFlow.feature",
      "file": "cypress\\e2e\\Features\\SigupFlow.feature",
      "beforeHooks": [],
      "afterHooks": [],
      "tests": [],
      "suites": [
        {
          "uuid": "e441facf-8ca6-4833-acf7-9128b8b6ef97",
          "title": "Signup and Login Test Suite",
          "fullFile": "",
          "file": "",
          "beforeHooks": [],
          "afterHooks": [],
          "tests": [
            {
              "title": "User can create an account with valid data",
              "fullTitle": "Signup and Login Test Suite User can create an account with valid data",
              "timedOut": null,
              "duration": 32455,
              "state": "passed",
              "speed": "slow",
              "pass": true,
              "fail": false,
              "pending": false,
              "context": null,
              "code": "const state = window.testState;\nreturn cy\n  .then(() => state.onStartScenario(scenario, indexedSteps))\n  .then(() =>\n    resolveAndRunBeforeHooks.call(this, scenario.tags, state.feature.name)\n  )\n  .then(() =>\n    indexedSteps.forEach((step) =>\n      stepTest.call(this, state, step, rowData)\n    )\n  )\n  .then(() => state.onFinishScenario(scenario));",
              "err": {},
              "uuid": "456cc3ec-3c99-4d31-aa87-4fe1eaa9a226",
              "parentUUID": "e441facf-8ca6-4833-acf7-9128b8b6ef97",
              "isHook": false,
              "skipped": false
            },
            {
              "title": "Login with valid credentials",
              "fullTitle": "Signup and Login Test Suite Login with valid credentials",
              "timedOut": null,
              "duration": 17088,
              "state": "passed",
              "speed": "slow",
              "pass": true,
              "fail": false,
              "pending": false,
              "context": null,
              "code": "const state = window.testState;\nreturn cy\n  .then(() => state.onStartScenario(scenario, indexedSteps))\n  .then(() =>\n    resolveAndRunBeforeHooks.call(this, scenario.tags, state.feature.name)\n  )\n  .then(() =>\n    indexedSteps.forEach((step) =>\n      stepTest.call(this, state, step, rowData)\n    )\n  )\n  .then(() => state.onFinishScenario(scenario));",
              "err": {},
              "uuid": "80960b1e-fc4f-4bf5-9ed2-a5a0b86e1adb",
              "parentUUID": "e441facf-8ca6-4833-acf7-9128b8b6ef97",
              "isHook": false,
              "skipped": false
            },
            {
              "title": "Login with invalid credentials",
              "fullTitle": "Signup and Login Test Suite Login with invalid credentials",
              "timedOut": null,
              "duration": 9440,
              "state": "passed",
              "speed": "medium",
              "pass": true,
              "fail": false,
              "pending": false,
              "context": null,
              "code": "const state = window.testState;\nreturn cy\n  .then(() => state.onStartScenario(scenario, indexedSteps))\n  .then(() =>\n    resolveAndRunBeforeHooks.call(this, scenario.tags, state.feature.name)\n  )\n  .then(() =>\n    indexedSteps.forEach((step) =>\n      stepTest.call(this, state, step, rowData)\n    )\n  )\n  .then(() => state.onFinishScenario(scenario));",
              "err": {},
              "uuid": "92d21a3e-9847-4779-83f2-39772fb33e24",
              "parentUUID": "e441facf-8ca6-4833-acf7-9128b8b6ef97",
              "isHook": false,
              "skipped": false
            }
          ],
          "suites": [],
          "passes": [
            "456cc3ec-3c99-4d31-aa87-4fe1eaa9a226",
            "80960b1e-fc4f-4bf5-9ed2-a5a0b86e1adb",
            "92d21a3e-9847-4779-83f2-39772fb33e24"
          ],
          "failures": [],
          "pending": [],
          "skipped": [],
          "duration": 58983,
          "root": false,
          "rootEmpty": false,
          "_timeout": 2000
        }
      ],
      "passes": [],
      "failures": [],
      "pending": [],
      "skipped": [],
      "duration": 0,
      "root": true,
      "rootEmpty": true,
      "_timeout": 2000
    }
  ],
  "meta": {
    "mocha": {
      "version": "7.0.1"
    },
    "mochawesome": {
      "options": {
        "quiet": false,
        "reportFilename": "mochawesome",
        "saveHtml": true,
        "saveJson": true,
        "consoleReporter": "spec",
        "useInlineDiffs": false,
        "code": true
      },
      "version": "7.1.3"
    },
    "marge": {
      "options": {
        "reportDir": "cypress/reports",
        "overwrite": true,
        "html": true,
        "json": true
      },
      "version": "6.2.0"
    }
  }
}